<?xml version="1.0" encoding="UTF-8"?>
<testng-results skipped="0" failed="0" ignored="0" total="1" passed="1">
  <reporter-output>
  </reporter-output>
  <suite name="Default suite" duration-ms="10683" started-at="2020-01-07T17:15:41Z" finished-at="2020-01-07T17:15:52Z">
    <groups>
    </groups>
    <test name="Default test" duration-ms="10683" started-at="2020-01-07T17:15:41Z" finished-at="2020-01-07T17:15:52Z">
      <class name="com.qa.fw.test.LoginTest">
        <test-method status="PASS" signature="loginTest()[pri:0, instance:com.qa.fw.test.LoginTest@14acaea5]" name="loginTest" duration-ms="10662" started-at="2020-01-07T17:15:41Z" finished-at="2020-01-07T17:15:52Z">
          <reporter-output>
          </reporter-output>
        </test-method> <!-- loginTest -->
      </class> <!-- com.qa.fw.test.LoginTest -->
    </test> <!-- Default test -->
  </suite> <!-- Default suite -->
</testng-results>
